

*******************************************************************************
Mon Sep  9 16:21:57 2019


FIT:    data read from 'uncorrected.dat' using 4:0
        format = x:z
        #datapoints = 100
        residuals are weighted equally (unit weight)

function used for fitting: f(x)
	f(x)=a0+a1*x+a2*x**2+a3*x**3+a4*x**4+a5*x**5
fitted parameters initialized with current variable values

Warning: Initial value of parameter 'a1' is zero.
Warning: Initial value of parameter 'a2' is zero.
Warning: Initial value of parameter 'a3' is zero.
Warning: Initial value of parameter 'a4' is zero.
Warning: Initial value of parameter 'a5' is zero.
iter      chisq       delta/lim  lambda   a0            a1            a2            a3            a4            a5           
   0 3.1855000000e+05   0.00e+00  4.08e-01    1.000000e+00   1.000000e-30   1.000000e-30   1.000000e-30   1.000000e-30   1.000000e-30
BREAK: Singular matrix in Invert_RtR

*******************************************************************************
Mon Sep  9 16:22:32 2019


FIT:    data read from 'uncorrected.dat' using 4:0
        format = x:z
        #datapoints = 100
        residuals are weighted equally (unit weight)

function used for fitting: f(x)
	f(x)=a0+a1*x+a2*x**2+a3*x**3+a4*x**4+a5*x**5
fitted parameters initialized with current variable values

iter      chisq       delta/lim  lambda   a0            a1            a2            a3            a4            a5           
   0 1.2179308248e+15   0.00e+00  1.41e+06    1.000000e+00   1.000000e-03   1.000000e-03   1.000000e-03   1.000000e-03   1.000000e-03
  12 1.1201403971e+00  -1.32e-04  1.41e-06    2.895482e-01   8.387116e-01  -2.424116e-03   1.243210e-04  -1.601160e-06   7.498258e-09

After 12 iterations the fit converged.
final sum of squares of residuals : 1.12014
rel. change during last iteration : -1.31658e-09

degrees of freedom    (FIT_NDF)                        : 94
rms of residuals      (FIT_STDFIT) = sqrt(WSSR/ndf)    : 0.109162
variance of residuals (reduced chisquare) = WSSR/ndf   : 0.0119164

Final set of parameters            Asymptotic Standard Error
=======================            ==========================
a0              = 0.289548         +/- 0.06202      (21.42%)
a1              = 0.838712         +/- 0.01284      (1.531%)
a2              = -0.00242412      +/- 0.0007995    (32.98%)
a3              = 0.000124321      +/- 2.016e-05    (16.22%)
a4              = -1.60116e-06     +/- 2.204e-07    (13.76%)
a5              = 7.49826e-09      +/- 8.686e-10    (11.58%)

correlation matrix of the fit parameters:
                a0     a1     a2     a3     a4     a5     
a0              1.000 
a1             -0.836  1.000 
a2              0.705 -0.967  1.000 
a3             -0.620  0.914 -0.986  1.000 
a4              0.559 -0.863  0.958 -0.992  1.000 
a5             -0.513  0.817 -0.927  0.975 -0.995  1.000 


*******************************************************************************
Thu Sep 12 19:04:25 2019


FIT:    data read from 'uncorrected.dat' using 4:0
        format = x:z
        #datapoints = 100
        residuals are weighted equally (unit weight)

function used for fitting: f(x)
	f(x)=a0+a1*x+a2*x**2+a3*x**3+a4*x**4+a5*x**5
fitted parameters initialized with current variable values

iter      chisq       delta/lim  lambda   a0            a1            a2            a3            a4            a5           
   0 6.0092326752e+03   0.00e+00  4.41e+02    1.439630e+00   2.546662e+00  -8.203979e-02   1.762824e-03  -1.825669e-05   7.251968e-08
   6 1.2611259990e+00  -4.61e-07  4.41e-04    3.679382e-01   8.048242e-01   4.443170e-03  -7.794592e-05   7.845279e-07  -2.675288e-09

After 6 iterations the fit converged.
final sum of squares of residuals : 1.26113
rel. change during last iteration : -4.60666e-12

degrees of freedom    (FIT_NDF)                        : 94
rms of residuals      (FIT_STDFIT) = sqrt(WSSR/ndf)    : 0.115828
variance of residuals (reduced chisquare) = WSSR/ndf   : 0.0134162

Final set of parameters            Asymptotic Standard Error
=======================            ==========================
a0              = 0.367938         +/- 0.06521      (17.72%)
a1              = 0.804824         +/- 0.01349      (1.676%)
a2              = 0.00444317       +/- 0.0008434    (18.98%)
a3              = -7.79459e-05     +/- 2.136e-05    (27.4%)
a4              = 7.84528e-07      +/- 2.344e-07    (29.88%)
a5              = -2.67529e-09     +/- 9.272e-10    (34.66%)

correlation matrix of the fit parameters:
                a0     a1     a2     a3     a4     a5     
a0              1.000 
a1             -0.838  1.000 
a2              0.707 -0.967  1.000 
a3             -0.621  0.914 -0.986  1.000 
a4              0.561 -0.863  0.958 -0.992  1.000 
a5             -0.515  0.818 -0.927  0.975 -0.995  1.000 


*******************************************************************************
Fri Aug 28 17:07:48 2020


FIT:    data read from 'uncorrected.dat' using 4:0
        format = x:z
        #datapoints = 100
        residuals are weighted equally (unit weight)

function used for fitting: f(x)
	f(x)=a+b*x+c*x**2+d*x**3+e*x**4+f*x**5
fitted parameters initialized with current variable values

Warning: Initial value of parameter 'a' is zero.
iter      chisq       delta/lim  lambda   a             b             c             d             e             f            
   0 3.9982061370e+03   0.00e+00  2.21e+01    1.000000e-30   1.000000e+00   1.000000e-04   1.000000e-06   1.000000e-08   1.000000e-10
BREAK: Singular matrix in Invert_RtR

*******************************************************************************
Fri Aug 28 17:08:04 2020


FIT:    data read from 'uncorrected.dat' using 4:0
        format = x:z
        #datapoints = 100
        residuals are weighted equally (unit weight)

function used for fitting: f(x)
	f(x)=a+b*x+c*x**2+d*x**3+e*x**4+f*x**5
fitted parameters initialized with current variable values

iter      chisq       delta/lim  lambda   a             b             c             d             e             f            
   0 5.7188925556e+01   0.00e+00  3.42e+02    1.000000e-03   2.529455e+00  -7.576194e-02   1.567821e-03  -1.503564e-05   5.409523e-08
   3 5.4674325650e+01  -2.33e-01  3.42e-01    1.001313e-03   2.529327e+00  -7.575747e-02   1.567765e-03  -1.503544e-05   5.404153e-08

After 3 iterations the fit converged.
final sum of squares of residuals : 54.6743
rel. change during last iteration : -2.3328e-06

degrees of freedom    (FIT_NDF)                        : 94
rms of residuals      (FIT_STDFIT) = sqrt(WSSR/ndf)    : 0.762654
variance of residuals (reduced chisquare) = WSSR/ndf   : 0.581642

Final set of parameters            Asymptotic Standard Error
=======================            ==========================
a               = 0.00100131       +/- 0.2802       (2.799e+04%)
b               = 2.52933          +/- 0.07024      (2.777%)
c               = -0.0757575       +/- 0.004799     (6.334%)
d               = 0.00156776       +/- 0.0001279    (8.158%)
e               = -1.50354e-05     +/- 1.451e-06    (9.652%)
f               = 5.40415e-08      +/- 5.879e-09    (10.88%)

correlation matrix of the fit parameters:
                a      b      c      d      e      f      
a               1.000 
b              -0.792  1.000 
c               0.656 -0.963  1.000 
d              -0.571  0.906 -0.985  1.000 
e               0.513 -0.852  0.955 -0.992  1.000 
f              -0.470  0.804 -0.922  0.974 -0.995  1.000 
