

*******************************************************************************
Mon Sep  9 16:48:44 2019


FIT:    data read from 'uncorrected.dat' using 4:1
        format = x:z
        #datapoints = 100
        residuals are weighted equally (unit weight)

function used for fitting: f(x)
	f(x)=a0+a1*x+a2*x**2+a3*x**3+a4*x**4+a5*x**5
fitted parameters initialized with current variable values

Warning: Initial value of parameter 'a0' is zero.
iter      chisq       delta/lim  lambda   a0            a1            a2            a3            a4            a5           
   0 1.7633327821e+11   0.00e+00  1.54e+04    1.000000e-30   1.000000e-01   1.000000e-02   1.000000e-03   1.000000e-04   1.000000e-05
BREAK: Singular matrix in Invert_RtR

*******************************************************************************
Mon Sep  9 16:49:01 2019


FIT:    data read from 'uncorrected.dat' using 4:1
        format = x:z
        #datapoints = 100
        residuals are weighted equally (unit weight)

function used for fitting: f(x)
	f(x)=a0+a1*x+a2*x**2+a3*x**3+a4*x**4+a5*x**5
fitted parameters initialized with current variable values

iter      chisq       delta/lim  lambda   a0            a1            a2            a3            a4            a5           
   0 1.7633859595e+11   0.00e+00  1.54e+04    1.000000e+00   1.000000e-01   1.000000e-02   1.000000e-03   1.000000e-04   1.000000e-05
   8 3.6655195403e-05  -2.53e-03  1.54e-04    4.158733e-03   3.991537e-03  -1.986692e-05   4.201751e-07  -2.267513e-09   9.715962e-12

After 8 iterations the fit converged.
final sum of squares of residuals : 3.66552e-05
rel. change during last iteration : -2.52621e-08

degrees of freedom    (FIT_NDF)                        : 94
rms of residuals      (FIT_STDFIT) = sqrt(WSSR/ndf)    : 0.000624459
variance of residuals (reduced chisquare) = WSSR/ndf   : 3.89949e-07

Final set of parameters            Asymptotic Standard Error
=======================            ==========================
a0              = 0.00415873       +/- 0.0003237    (7.783%)
a1              = 0.00399154       +/- 6.969e-05    (1.746%)
a2              = -1.98669e-05     +/- 4.428e-06    (22.29%)
a3              = 4.20175e-07      +/- 1.124e-07    (26.75%)
a4              = -2.26751e-09     +/- 1.229e-09    (54.22%)
a5              = 9.71596e-12      +/- 4.84e-12     (49.82%)

correlation matrix of the fit parameters:
                a0     a1     a2     a3     a4     a5     
a0              1.000 
a1             -0.796  1.000 
a2              0.651 -0.963  1.000 
a3             -0.562  0.907 -0.985  1.000 
a4              0.502 -0.855  0.957 -0.992  1.000 
a5             -0.458  0.809 -0.925  0.975 -0.995  1.000 


*******************************************************************************
Mon Sep  9 16:50:00 2019


FIT:    data read from 'uncorrected.dat' using 4:0
        format = x:z
        #datapoints = 100
        residuals are weighted equally (unit weight)

function used for fitting: f(x)
	f(x)=a0+a1*x+a2*x**2+a3*x**3+a4*x**4+a5*x**5
fitted parameters initialized with current variable values

iter      chisq       delta/lim  lambda   a0            a1            a2            a3            a4            a5           
   0 3.2507472338e+05   0.00e+00  1.43e-01    4.158733e-03   3.991537e-03  -1.986692e-05   4.201751e-07  -2.267513e-09   9.715962e-12
   6 1.4662078161e+00  -4.31e-07  1.43e-07    8.317466e-01   7.983074e-01  -3.973384e-03   8.403502e-05  -4.535026e-07   1.943192e-09

After 6 iterations the fit converged.
final sum of squares of residuals : 1.46621
rel. change during last iteration : -4.30593e-12

degrees of freedom    (FIT_NDF)                        : 94
rms of residuals      (FIT_STDFIT) = sqrt(WSSR/ndf)    : 0.124892
variance of residuals (reduced chisquare) = WSSR/ndf   : 0.015598

Final set of parameters            Asymptotic Standard Error
=======================            ==========================
a0              = 0.831747         +/- 0.06474      (7.783%)
a1              = 0.798307         +/- 0.01394      (1.746%)
a2              = -0.00397338      +/- 0.0008856    (22.29%)
a3              = 8.4035e-05       +/- 2.248e-05    (26.75%)
a4              = -4.53503e-07     +/- 2.459e-07    (54.22%)
a5              = 1.94319e-09      +/- 9.68e-10     (49.82%)

correlation matrix of the fit parameters:
                a0     a1     a2     a3     a4     a5     
a0              1.000 
a1             -0.796  1.000 
a2              0.651 -0.963  1.000 
a3             -0.562  0.907 -0.985  1.000 
a4              0.502 -0.855  0.957 -0.992  1.000 
a5             -0.458  0.809 -0.925  0.975 -0.995  1.000 
